  [1m[35m (0.4ms)[0m  [1m[35mSET NAMES utf8,  @@SESSION.sql_mode = CONCAT(CONCAT(@@sql_mode, ',STRICT_ALL_TABLES'), ',NO_AUTO_VALUE_ON_ZERO'),  @@SESSION.sql_auto_is_null = 0, @@SESSION.wait_timeout = 2147483[0m
  ↳ /Users/yu/.rbenv/versions/2.3.1/bin/rake:23
  [1m[35m (0.2ms)[0m  [1m[35mSET NAMES utf8,  @@SESSION.sql_mode = CONCAT(CONCAT(@@sql_mode, ',STRICT_ALL_TABLES'), ',NO_AUTO_VALUE_ON_ZERO'),  @@SESSION.sql_auto_is_null = 0, @@SESSION.wait_timeout = 2147483[0m
  ↳ /Users/yu/.rbenv/versions/2.3.1/bin/rake:23
  [1m[35m (43.8ms)[0m  [1m[35mDROP DATABASE IF EXISTS `chat-space_development`[0m
  ↳ /Users/yu/.rbenv/versions/2.3.1/bin/rake:23
  [1m[35m (0.2ms)[0m  [1m[35mSET NAMES utf8,  @@SESSION.sql_mode = CONCAT(CONCAT(@@sql_mode, ',STRICT_ALL_TABLES'), ',NO_AUTO_VALUE_ON_ZERO'),  @@SESSION.sql_auto_is_null = 0, @@SESSION.wait_timeout = 2147483[0m
  ↳ /Users/yu/.rbenv/versions/2.3.1/bin/rake:23
  [1m[35m (0.7ms)[0m  [1m[35mDROP DATABASE IF EXISTS `chat-space_test`[0m
  ↳ /Users/yu/.rbenv/versions/2.3.1/bin/rake:23
  [1m[35m (0.2ms)[0m  [1m[35mSET NAMES utf8,  @@SESSION.sql_mode = CONCAT(CONCAT(@@sql_mode, ',STRICT_ALL_TABLES'), ',NO_AUTO_VALUE_ON_ZERO'),  @@SESSION.sql_auto_is_null = 0, @@SESSION.wait_timeout = 2147483[0m
  ↳ /Users/yu/.rbenv/versions/2.3.1/bin/rake:23
  [1m[35m (6.1ms)[0m  [1m[35mCREATE DATABASE `chat-space_development` DEFAULT CHARACTER SET `utf8`[0m
  ↳ /Users/yu/.rbenv/versions/2.3.1/bin/rake:23
  [1m[35m (0.2ms)[0m  [1m[35mSET NAMES utf8,  @@SESSION.sql_mode = CONCAT(CONCAT(@@sql_mode, ',STRICT_ALL_TABLES'), ',NO_AUTO_VALUE_ON_ZERO'),  @@SESSION.sql_auto_is_null = 0, @@SESSION.wait_timeout = 2147483[0m
  ↳ /Users/yu/.rbenv/versions/2.3.1/bin/rake:23
  [1m[35m (0.4ms)[0m  [1m[35mCREATE DATABASE `chat-space_test` DEFAULT CHARACTER SET `utf8`[0m
  ↳ /Users/yu/.rbenv/versions/2.3.1/bin/rake:23
Started GET "/" for 127.0.0.1 at 2018-05-26 15:26:02 +0900
  [1m[35m (63.2ms)[0m  [1m[35mSET NAMES utf8,  @@SESSION.sql_mode = CONCAT(CONCAT(@@sql_mode, ',STRICT_ALL_TABLES'), ',NO_AUTO_VALUE_ON_ZERO'),  @@SESSION.sql_auto_is_null = 0, @@SESSION.wait_timeout = 2147483[0m
  ↳ /Users/yu/.rbenv/versions/2.3.1/lib/ruby/gems/2.3.0/gems/activerecord-5.2.0/lib/active_record/log_subscriber.rb:98
Processing by MessagesController#index as HTML
Completed 406 Not Acceptable in 101ms (ActiveRecord: 0.0ms)


  
ActionController::UnknownFormat (MessagesController#index is missing a template for this request format and variant.

request.formats: ["text/html"]
request.variant: []

NOTE! For XHR/Ajax or API requests, this action would normally respond with 204 No Content: an empty white screen. Since you're loading it in a web browser, we assume that you expected to actually render a template, not nothing, so we're showing an error to be extra-clear. If you expect 204 No Content, carry on. That's what you'll get from an XHR or API request. Give it a shot.):
  
actionpack (5.2.0) lib/action_controller/metal/implicit_render.rb:55:in `default_render'
actionpack (5.2.0) lib/action_controller/metal/basic_implicit_render.rb:6:in `block in send_action'
actionpack (5.2.0) lib/action_controller/metal/basic_implicit_render.rb:6:in `tap'
actionpack (5.2.0) lib/action_controller/metal/basic_implicit_render.rb:6:in `send_action'
actionpack (5.2.0) lib/abstract_controller/base.rb:194:in `process_action'
actionpack (5.2.0) lib/action_controller/metal/rendering.rb:30:in `process_action'
actionpack (5.2.0) lib/abstract_controller/callbacks.rb:42:in `block in process_action'
activesupport (5.2.0) lib/active_support/callbacks.rb:132:in `run_callbacks'
actionpack (5.2.0) lib/abstract_controller/callbacks.rb:41:in `process_action'
actionpack (5.2.0) lib/action_controller/metal/rescue.rb:22:in `process_action'
actionpack (5.2.0) lib/action_controller/metal/instrumentation.rb:34:in `block in process_action'
activesupport (5.2.0) lib/active_support/notifications.rb:168:in `block in instrument'
activesupport (5.2.0) lib/active_support/notifications/instrumenter.rb:23:in `instrument'
activesupport (5.2.0) lib/active_support/notifications.rb:168:in `instrument'
actionpack (5.2.0) lib/action_controller/metal/instrumentation.rb:32:in `process_action'
actionpack (5.2.0) lib/action_controller/metal/params_wrapper.rb:256:in `process_action'
activerecord (5.2.0) lib/active_record/railties/controller_runtime.rb:24:in `process_action'
actionpack (5.2.0) lib/abstract_controller/base.rb:134:in `process'
actionview (5.2.0) lib/action_view/rendering.rb:32:in `process'
actionpack (5.2.0) lib/action_controller/metal.rb:191:in `dispatch'
actionpack (5.2.0) lib/action_controller/metal.rb:252:in `dispatch'
actionpack (5.2.0) lib/action_dispatch/routing/route_set.rb:52:in `dispatch'
actionpack (5.2.0) lib/action_dispatch/routing/route_set.rb:34:in `serve'
actionpack (5.2.0) lib/action_dispatch/journey/router.rb:52:in `block in serve'
actionpack (5.2.0) lib/action_dispatch/journey/router.rb:35:in `each'
actionpack (5.2.0) lib/action_dispatch/journey/router.rb:35:in `serve'
actionpack (5.2.0) lib/action_dispatch/routing/route_set.rb:840:in `call'
rack (2.0.5) lib/rack/tempfile_reaper.rb:15:in `call'
rack (2.0.5) lib/rack/etag.rb:25:in `call'
rack (2.0.5) lib/rack/conditional_get.rb:25:in `call'
rack (2.0.5) lib/rack/head.rb:12:in `call'
actionpack (5.2.0) lib/action_dispatch/http/content_security_policy.rb:18:in `call'
rack (2.0.5) lib/rack/session/abstract/id.rb:232:in `context'
rack (2.0.5) lib/rack/session/abstract/id.rb:226:in `call'
actionpack (5.2.0) lib/action_dispatch/middleware/cookies.rb:670:in `call'
activerecord (5.2.0) lib/active_record/migration.rb:559:in `call'
actionpack (5.2.0) lib/action_dispatch/middleware/callbacks.rb:28:in `block in call'
activesupport (5.2.0) lib/active_support/callbacks.rb:98:in `run_callbacks'
actionpack (5.2.0) lib/action_dispatch/middleware/callbacks.rb:26:in `call'
actionpack (5.2.0) lib/action_dispatch/middleware/executor.rb:14:in `call'
actionpack (5.2.0) lib/action_dispatch/middleware/debug_exceptions.rb:61:in `call'
web-console (3.6.2) lib/web_console/middleware.rb:135:in `call_app'
web-console (3.6.2) lib/web_console/middleware.rb:30:in `block in call'
web-console (3.6.2) lib/web_console/middleware.rb:20:in `catch'
web-console (3.6.2) lib/web_console/middleware.rb:20:in `call'
actionpack (5.2.0) lib/action_dispatch/middleware/show_exceptions.rb:33:in `call'
railties (5.2.0) lib/rails/rack/logger.rb:38:in `call_app'
railties (5.2.0) lib/rails/rack/logger.rb:26:in `block in call'
activesupport (5.2.0) lib/active_support/tagged_logging.rb:71:in `block in tagged'
activesupport (5.2.0) lib/active_support/tagged_logging.rb:28:in `tagged'
activesupport (5.2.0) lib/active_support/tagged_logging.rb:71:in `tagged'
railties (5.2.0) lib/rails/rack/logger.rb:26:in `call'
sprockets-rails (3.2.1) lib/sprockets/rails/quiet_assets.rb:13:in `call'
actionpack (5.2.0) lib/action_dispatch/middleware/remote_ip.rb:81:in `call'
actionpack (5.2.0) lib/action_dispatch/middleware/request_id.rb:27:in `call'
rack (2.0.5) lib/rack/method_override.rb:22:in `call'
rack (2.0.5) lib/rack/runtime.rb:22:in `call'
activesupport (5.2.0) lib/active_support/cache/strategy/local_cache_middleware.rb:29:in `call'
actionpack (5.2.0) lib/action_dispatch/middleware/executor.rb:14:in `call'
actionpack (5.2.0) lib/action_dispatch/middleware/static.rb:127:in `call'
rack (2.0.5) lib/rack/sendfile.rb:111:in `call'
railties (5.2.0) lib/rails/engine.rb:524:in `call'
puma (3.11.4) lib/puma/configuration.rb:225:in `call'
puma (3.11.4) lib/puma/server.rb:632:in `handle_request'
puma (3.11.4) lib/puma/server.rb:446:in `process_client'
puma (3.11.4) lib/puma/server.rb:306:in `block in run'
puma (3.11.4) lib/puma/thread_pool.rb:120:in `block in spawn_thread'
Started GET "/" for 127.0.0.1 at 2018-05-26 15:30:18 +0900
  [1m[35m (1.1ms)[0m  [1m[35mSET NAMES utf8,  @@SESSION.sql_mode = CONCAT(CONCAT(@@sql_mode, ',STRICT_ALL_TABLES'), ',NO_AUTO_VALUE_ON_ZERO'),  @@SESSION.sql_auto_is_null = 0, @@SESSION.wait_timeout = 2147483[0m
  ↳ /Users/yu/.rbenv/versions/2.3.1/lib/ruby/gems/2.3.0/gems/activerecord-5.2.0/lib/active_record/log_subscriber.rb:98
Processing by MessagesController#index as HTML
  Rendering messages/index.html.haml within layouts/application
  Rendered messages/index.html.haml within layouts/application (5.0ms)
Completed 500 Internal Server Error in 18ms (ActiveRecord: 0.0ms)


  
ActionView::Template::Error (Illegal nesting: nesting within a header command is illegal.):
    1: !!!
    2:   %p hello world
  
app/views/messages/index.html.haml:2
Started GET "/" for 127.0.0.1 at 2018-05-26 15:30:55 +0900
Processing by MessagesController#index as HTML
  Rendering messages/index.html.haml within layouts/application
  Rendered messages/index.html.haml within layouts/application (29.5ms)
Completed 200 OK in 408ms (Views: 403.7ms | ActiveRecord: 0.0ms)


Started GET "/" for 127.0.0.1 at 2018-05-26 15:36:29 +0900
  [1m[35m (0.8ms)[0m  [1m[35mSET NAMES utf8,  @@SESSION.sql_mode = CONCAT(CONCAT(@@sql_mode, ',STRICT_ALL_TABLES'), ',NO_AUTO_VALUE_ON_ZERO'),  @@SESSION.sql_auto_is_null = 0, @@SESSION.wait_timeout = 2147483[0m
  ↳ /Users/yu/.rbenv/versions/2.3.1/lib/ruby/gems/2.3.0/gems/activerecord-5.2.0/lib/active_record/log_subscriber.rb:98
Processing by MessagesController#index as HTML
  Rendering messages/index.html.haml within layouts/application
  Rendered messages/index.html.haml within layouts/application (12.2ms)
Completed 200 OK in 120ms (Views: 111.6ms | ActiveRecord: 0.0ms)


Started GET "/" for 127.0.0.1 at 2018-05-26 15:36:30 +0900
Processing by MessagesController#index as HTML
  Rendering messages/index.html.haml within layouts/application
  Rendered messages/index.html.haml within layouts/application (5.5ms)
Completed 200 OK in 50ms (Views: 45.9ms | ActiveRecord: 0.0ms)


Started GET "/" for 127.0.0.1 at 2018-05-26 15:36:31 +0900
Processing by MessagesController#index as HTML
  Rendering messages/index.html.haml within layouts/application
  Rendered messages/index.html.haml within layouts/application (4.6ms)
Completed 200 OK in 49ms (Views: 46.1ms | ActiveRecord: 0.0ms)


Started GET "/" for 127.0.0.1 at 2018-05-26 15:36:32 +0900
Processing by MessagesController#index as HTML
  Rendering messages/index.html.haml within layouts/application
  Rendered messages/index.html.haml within layouts/application (3.3ms)
Completed 200 OK in 41ms (Views: 38.4ms | ActiveRecord: 0.0ms)


Started GET "/" for 127.0.0.1 at 2018-05-26 15:47:59 +0900
  [1m[35m (1.1ms)[0m  [1m[35mSET NAMES utf8,  @@SESSION.sql_mode = CONCAT(CONCAT(@@sql_mode, ',STRICT_ALL_TABLES'), ',NO_AUTO_VALUE_ON_ZERO'),  @@SESSION.sql_auto_is_null = 0, @@SESSION.wait_timeout = 2147483[0m
  ↳ /Users/yu/.rbenv/versions/2.3.1/lib/ruby/gems/2.3.0/gems/activerecord-5.2.0/lib/active_record/log_subscriber.rb:98
Processing by MessagesController#index as HTML
  Rendering messages/index.html.haml within layouts/application
  Rendered messages/index.html.haml within layouts/application (8.6ms)
Completed 500 Internal Server Error in 30ms (ActiveRecord: 0.0ms)


  
ActionView::Template::Error (Invalid tag: "%.notice-header".):
     8:     = stylesheet_link_tag    'application', media: 'all', 'data-turbolinks-track': 'reload'
     9:     = javascript_include_tag 'application', 'data-turbolinks-track': 'reload'
    10:   %body
    11:     %.notice-header
    12:       = render :partial => "parts/notice-header"
    13:     = yield
  
app/views/layouts/application.html.haml:11
Started GET "/" for 127.0.0.1 at 2018-05-26 15:48:28 +0900
Processing by MessagesController#index as HTML
  Rendering messages/index.html.haml within layouts/application
  Rendered messages/index.html.haml within layouts/application (3.5ms)
Completed 500 Internal Server Error in 68ms (ActiveRecord: 0.0ms)


  
ActionView::Template::Error (Missing partial parts/_notice-header with {:locale=>[:en], :formats=>[:html], :variants=>[], :handlers=>[:raw, :erb, :html, :builder, :ruby, :coffee, :jbuilder, :haml]}. Searched in:
  * "/Users/yu/techexp/chat-space/app/views"
):
     9:     = javascript_include_tag 'application', 'data-turbolinks-track': 'reload'
    10:   %body
    11:     .notice-header
    12:       = render :partial => "parts/notice-header"
    13:     = yield
  
app/views/layouts/application.html.haml:12:in `_app_views_layouts_application_html_haml__2764135031142016800_70137818701740'
Started GET "/" for 127.0.0.1 at 2018-05-26 15:48:29 +0900
Processing by MessagesController#index as HTML
  Rendering messages/index.html.haml within layouts/application
  Rendered messages/index.html.haml within layouts/application (1.9ms)
Completed 500 Internal Server Error in 36ms (ActiveRecord: 0.0ms)


  
ActionView::Template::Error (Missing partial parts/_notice-header with {:locale=>[:en], :formats=>[:html], :variants=>[], :handlers=>[:raw, :erb, :html, :builder, :ruby, :coffee, :jbuilder, :haml]}. Searched in:
  * "/Users/yu/techexp/chat-space/app/views"
):
     9:     = javascript_include_tag 'application', 'data-turbolinks-track': 'reload'
    10:   %body
    11:     .notice-header
    12:       = render :partial => "parts/notice-header"
    13:     = yield
  
app/views/layouts/application.html.haml:12:in `_app_views_layouts_application_html_haml__2764135031142016800_70137847016380'
Started GET "/" for 127.0.0.1 at 2018-05-26 15:49:38 +0900
Processing by MessagesController#index as HTML
  Rendering messages/index.html.haml within layouts/application
  Rendered messages/index.html.haml within layouts/application (2.0ms)
  Rendered parts/_notice-header.html.haml (1.1ms)
Completed 500 Internal Server Error in 37ms (ActiveRecord: 0.0ms)


  
ActionView::Template::Error (Illegal nesting: nesting within a header command is illegal.):
    1: !!!
    2:   %body
    3:     .notice-header-text
    4:       %p ビュー実装中
  
app/views/parts/_notice-header.html.haml:2
app/views/layouts/application.html.haml:12:in `_app_views_layouts_application_html_haml__2764135031142016800_70137820150440'
Started GET "/" for 127.0.0.1 at 2018-05-26 15:49:39 +0900
Processing by MessagesController#index as HTML
  Rendering messages/index.html.haml within layouts/application
  Rendered messages/index.html.haml within layouts/application (1.4ms)
  Rendered parts/_notice-header.html.haml (1.4ms)
Completed 500 Internal Server Error in 44ms (ActiveRecord: 0.0ms)


  
ActionView::Template::Error (Illegal nesting: nesting within a header command is illegal.):
    1: !!!
    2:   %body
    3:     .notice-header-text
    4:       %p ビュー実装中
  
app/views/parts/_notice-header.html.haml:2
app/views/layouts/application.html.haml:12:in `_app_views_layouts_application_html_haml__2764135031142016800_70137815679380'
Started GET "/" for 127.0.0.1 at 2018-05-26 15:49:52 +0900
Processing by MessagesController#index as HTML
  Rendering messages/index.html.haml within layouts/application
  Rendered messages/index.html.haml within layouts/application (1.6ms)
  Rendered parts/_notice-header.html.haml (1.5ms)
Completed 200 OK in 33ms (Views: 28.3ms | ActiveRecord: 0.0ms)


Started GET "/" for 127.0.0.1 at 2018-05-26 16:00:56 +0900
  [1m[35m (1.3ms)[0m  [1m[35mSET NAMES utf8,  @@SESSION.sql_mode = CONCAT(CONCAT(@@sql_mode, ',STRICT_ALL_TABLES'), ',NO_AUTO_VALUE_ON_ZERO'),  @@SESSION.sql_auto_is_null = 0, @@SESSION.wait_timeout = 2147483[0m
  ↳ /Users/yu/.rbenv/versions/2.3.1/lib/ruby/gems/2.3.0/gems/activerecord-5.2.0/lib/active_record/log_subscriber.rb:98
Processing by MessagesController#index as HTML
  Rendering messages/index.html.haml within layouts/application
  Rendered messages/index.html.haml within layouts/application (12.3ms)
  Rendered parts/_notice-header.html.haml (2.0ms)
Completed 200 OK in 254ms (Views: 244.8ms | ActiveRecord: 0.0ms)


Started GET "/" for 127.0.0.1 at 2018-05-26 16:00:58 +0900
Processing by MessagesController#index as HTML
  Rendering messages/index.html.haml within layouts/application
  Rendered messages/index.html.haml within layouts/application (2.1ms)
  Rendered parts/_notice-header.html.haml (2.0ms)
Completed 200 OK in 40ms (Views: 34.6ms | ActiveRecord: 0.0ms)


Started GET "/" for 127.0.0.1 at 2018-05-26 16:00:59 +0900
Processing by MessagesController#index as HTML
  Rendering messages/index.html.haml within layouts/application
  Rendered messages/index.html.haml within layouts/application (1.9ms)
  Rendered parts/_notice-header.html.haml (1.9ms)
Completed 200 OK in 38ms (Views: 34.5ms | ActiveRecord: 0.0ms)


Started GET "/" for 127.0.0.1 at 2018-05-26 16:08:00 +0900
  [1m[35m (12.4ms)[0m  [1m[35mSET NAMES utf8,  @@SESSION.sql_mode = CONCAT(CONCAT(@@sql_mode, ',STRICT_ALL_TABLES'), ',NO_AUTO_VALUE_ON_ZERO'),  @@SESSION.sql_auto_is_null = 0, @@SESSION.wait_timeout = 2147483[0m
  ↳ /Users/yu/.rbenv/versions/2.3.1/lib/ruby/gems/2.3.0/gems/activerecord-5.2.0/lib/active_record/log_subscriber.rb:98
Processing by MessagesController#index as HTML
  Rendering messages/index.html.haml within layouts/application
  Rendered messages/index.html.haml within layouts/application (12.0ms)
Completed 500 Internal Server Error in 159ms (ActiveRecord: 0.0ms)


  
ActionView::Template::Error (File to import not found or unreadable: ../parts/import.
Load paths:
  /Users/yu/techexp/chat-space/app/assets/config
  /Users/yu/techexp/chat-space/app/assets/images
  /Users/yu/techexp/chat-space/app/assets/javascripts
  /Users/yu/techexp/chat-space/app/assets/stylesheets
  /Users/yu/.rbenv/versions/2.3.1/lib/ruby/gems/2.3.0/gems/font-awesome-rails-4.7.0.4/app/assets/fonts
  /Users/yu/.rbenv/versions/2.3.1/lib/ruby/gems/2.3.0/gems/font-awesome-rails-4.7.0.4/app/assets/stylesheets
  /Users/yu/.rbenv/versions/2.3.1/lib/ruby/gems/2.3.0/gems/coffee-rails-4.2.2/lib/assets/javascripts
  /Users/yu/.rbenv/versions/2.3.1/lib/ruby/gems/2.3.0/gems/actioncable-5.2.0/lib/assets/compiled
  /Users/yu/.rbenv/versions/2.3.1/lib/ruby/gems/2.3.0/gems/activestorage-5.2.0/app/assets/javascripts
  /Users/yu/.rbenv/versions/2.3.1/lib/ruby/gems/2.3.0/gems/actionview-5.2.0/lib/assets/compiled
  /Users/yu/.rbenv/versions/2.3.1/lib/ruby/gems/2.3.0/gems/turbolinks-source-5.1.0/lib/assets/javascripts
  /Users/yu/techexp/chat-space/node_modules):
     5:     %title ChatSpace
     6:     = csrf_meta_tags
     7:     = csp_meta_tag
     8:     = stylesheet_link_tag    'application', media: 'all', 'data-turbolinks-track': 'reload'
     9:     = javascript_include_tag 'application', 'data-turbolinks-track': 'reload'
    10:   %body
    11:     .notice-header
  
app/assets/stylesheets/application.scss:9
app/views/layouts/application.html.haml:8:in `_app_views_layouts_application_html_haml__2764135031142016800_70137811240520'
Started GET "/" for 127.0.0.1 at 2018-05-26 16:08:38 +0900
Processing by MessagesController#index as HTML
  Rendering messages/index.html.haml within layouts/application
  Rendered messages/index.html.haml within layouts/application (1.4ms)
Completed 500 Internal Server Error in 27ms (ActiveRecord: 0.0ms)


  
ActionView::Template::Error (File to import not found or unreadable: /parts/import.
Load paths:
  /Users/yu/techexp/chat-space/app/assets/config
  /Users/yu/techexp/chat-space/app/assets/images
  /Users/yu/techexp/chat-space/app/assets/javascripts
  /Users/yu/techexp/chat-space/app/assets/stylesheets
  /Users/yu/.rbenv/versions/2.3.1/lib/ruby/gems/2.3.0/gems/font-awesome-rails-4.7.0.4/app/assets/fonts
  /Users/yu/.rbenv/versions/2.3.1/lib/ruby/gems/2.3.0/gems/font-awesome-rails-4.7.0.4/app/assets/stylesheets
  /Users/yu/.rbenv/versions/2.3.1/lib/ruby/gems/2.3.0/gems/coffee-rails-4.2.2/lib/assets/javascripts
  /Users/yu/.rbenv/versions/2.3.1/lib/ruby/gems/2.3.0/gems/actioncable-5.2.0/lib/assets/compiled
  /Users/yu/.rbenv/versions/2.3.1/lib/ruby/gems/2.3.0/gems/activestorage-5.2.0/app/assets/javascripts
  /Users/yu/.rbenv/versions/2.3.1/lib/ruby/gems/2.3.0/gems/actionview-5.2.0/lib/assets/compiled
  /Users/yu/.rbenv/versions/2.3.1/lib/ruby/gems/2.3.0/gems/turbolinks-source-5.1.0/lib/assets/javascripts
  /Users/yu/techexp/chat-space/node_modules):
     5:     %title ChatSpace
     6:     = csrf_meta_tags
     7:     = csp_meta_tag
     8:     = stylesheet_link_tag    'application', media: 'all', 'data-turbolinks-track': 'reload'
     9:     = javascript_include_tag 'application', 'data-turbolinks-track': 'reload'
    10:   %body
    11:     .notice-header
  
app/assets/stylesheets/application.scss:9
app/views/layouts/application.html.haml:8:in `_app_views_layouts_application_html_haml__2764135031142016800_70137857935640'
Started GET "/" for 127.0.0.1 at 2018-05-26 16:08:39 +0900
Processing by MessagesController#index as HTML
  Rendering messages/index.html.haml within layouts/application
  Rendered messages/index.html.haml within layouts/application (1.7ms)
Completed 500 Internal Server Error in 26ms (ActiveRecord: 0.0ms)


  
ActionView::Template::Error (File to import not found or unreadable: /parts/import.
Load paths:
  /Users/yu/techexp/chat-space/app/assets/config
  /Users/yu/techexp/chat-space/app/assets/images
  /Users/yu/techexp/chat-space/app/assets/javascripts
  /Users/yu/techexp/chat-space/app/assets/stylesheets
  /Users/yu/.rbenv/versions/2.3.1/lib/ruby/gems/2.3.0/gems/font-awesome-rails-4.7.0.4/app/assets/fonts
  /Users/yu/.rbenv/versions/2.3.1/lib/ruby/gems/2.3.0/gems/font-awesome-rails-4.7.0.4/app/assets/stylesheets
  /Users/yu/.rbenv/versions/2.3.1/lib/ruby/gems/2.3.0/gems/coffee-rails-4.2.2/lib/assets/javascripts
  /Users/yu/.rbenv/versions/2.3.1/lib/ruby/gems/2.3.0/gems/actioncable-5.2.0/lib/assets/compiled
  /Users/yu/.rbenv/versions/2.3.1/lib/ruby/gems/2.3.0/gems/activestorage-5.2.0/app/assets/javascripts
  /Users/yu/.rbenv/versions/2.3.1/lib/ruby/gems/2.3.0/gems/actionview-5.2.0/lib/assets/compiled
  /Users/yu/.rbenv/versions/2.3.1/lib/ruby/gems/2.3.0/gems/turbolinks-source-5.1.0/lib/assets/javascripts
  /Users/yu/techexp/chat-space/node_modules):
     5:     %title ChatSpace
     6:     = csrf_meta_tags
     7:     = csp_meta_tag
     8:     = stylesheet_link_tag    'application', media: 'all', 'data-turbolinks-track': 'reload'
     9:     = javascript_include_tag 'application', 'data-turbolinks-track': 'reload'
    10:   %body
    11:     .notice-header
  
app/assets/stylesheets/application.scss:9
app/views/layouts/application.html.haml:8:in `_app_views_layouts_application_html_haml__2764135031142016800_70137843728780'
Started GET "/" for 127.0.0.1 at 2018-05-26 16:08:48 +0900
Processing by MessagesController#index as HTML
  Rendering messages/index.html.haml within layouts/application
  Rendered messages/index.html.haml within layouts/application (2.3ms)
  Rendered parts/_notice-header.html.haml (3.1ms)
Completed 200 OK in 75ms (Views: 69.6ms | ActiveRecord: 0.0ms)


Started GET "/" for 127.0.0.1 at 2018-05-26 16:08:49 +0900
Processing by MessagesController#index as HTML
  Rendering messages/index.html.haml within layouts/application
  Rendered messages/index.html.haml within layouts/application (1.4ms)
  Rendered parts/_notice-header.html.haml (1.5ms)
Completed 200 OK in 33ms (Views: 26.5ms | ActiveRecord: 0.0ms)


Started GET "/" for 127.0.0.1 at 2018-05-26 16:09:59 +0900
Processing by MessagesController#index as HTML
  Rendering messages/index.html.haml within layouts/application
  Rendered messages/index.html.haml within layouts/application (2.3ms)
  Rendered parts/_notice-header.html.haml (2.3ms)
Completed 200 OK in 55ms (Views: 52.1ms | ActiveRecord: 0.0ms)


Started GET "/" for 127.0.0.1 at 2018-05-26 16:12:09 +0900
Processing by MessagesController#index as HTML
  Rendering messages/index.html.haml within layouts/application
  Rendered messages/index.html.haml within layouts/application (1.9ms)
  Rendered parts/_notice-header.html.haml (2.1ms)
Completed 200 OK in 93ms (Views: 89.9ms | ActiveRecord: 0.0ms)


Started GET "/" for 127.0.0.1 at 2018-05-26 16:12:10 +0900
Processing by MessagesController#index as HTML
  Rendering messages/index.html.haml within layouts/application
  Rendered messages/index.html.haml within layouts/application (2.2ms)
  Rendered parts/_notice-header.html.haml (1.4ms)
Completed 200 OK in 34ms (Views: 30.5ms | ActiveRecord: 0.0ms)


Started GET "/" for 127.0.0.1 at 2018-05-26 16:13:12 +0900
Processing by MessagesController#index as HTML
  Rendering messages/index.html.haml within layouts/application
  Rendered messages/index.html.haml within layouts/application (1.9ms)
  Rendered parts/_notice-header.html.haml (2.0ms)
Completed 200 OK in 73ms (Views: 70.2ms | ActiveRecord: 0.0ms)


Started GET "/" for 127.0.0.1 at 2018-05-26 16:15:35 +0900
Processing by MessagesController#index as HTML
  Rendering messages/index.html.haml within layouts/application
  Rendered messages/index.html.haml within layouts/application (2.5ms)
  Rendered parts/_notice-header.html.haml (5.2ms)
Completed 200 OK in 115ms (Views: 111.3ms | ActiveRecord: 0.0ms)


Started GET "/" for 127.0.0.1 at 2018-05-26 16:15:36 +0900
Processing by MessagesController#index as HTML
  Rendering messages/index.html.haml within layouts/application
  Rendered messages/index.html.haml within layouts/application (3.4ms)
  Rendered parts/_notice-header.html.haml (1.8ms)
Completed 200 OK in 42ms (Views: 39.0ms | ActiveRecord: 0.0ms)


Started GET "/" for 127.0.0.1 at 2018-05-26 16:16:12 +0900
Processing by MessagesController#index as HTML
  Rendering messages/index.html.haml within layouts/application
  Rendered messages/index.html.haml within layouts/application (3.8ms)
  Rendered parts/_notice-header.html.haml (27.6ms)
Completed 200 OK in 99ms (Views: 96.1ms | ActiveRecord: 0.0ms)


Started GET "/" for 127.0.0.1 at 2018-05-26 16:16:20 +0900
Processing by MessagesController#index as HTML
  Rendering messages/index.html.haml within layouts/application
  Rendered messages/index.html.haml within layouts/application (2.1ms)
  Rendered parts/_notice-header.html.haml (2.5ms)
Completed 200 OK in 40ms (Views: 38.4ms | ActiveRecord: 0.0ms)


Started GET "/" for 127.0.0.1 at 2018-05-26 16:17:00 +0900
Processing by MessagesController#index as HTML
  Rendering messages/index.html.haml within layouts/application
  Rendered messages/index.html.haml within layouts/application (1.8ms)
  Rendered parts/_notice-header.html.haml (2.9ms)
Completed 200 OK in 44ms (Views: 41.9ms | ActiveRecord: 0.0ms)


Started GET "/" for 127.0.0.1 at 2018-05-26 16:21:19 +0900
Processing by MessagesController#index as HTML
  Rendering messages/index.html.haml within layouts/application
  Rendered messages/index.html.haml within layouts/application (17.0ms)
  Rendered parts/_notice-header.html.haml (3.2ms)
Completed 200 OK in 186ms (Views: 178.2ms | ActiveRecord: 0.0ms)


Started GET "/" for 127.0.0.1 at 2018-05-26 16:23:29 +0900
Processing by MessagesController#index as HTML
  Rendering messages/index.html.haml within layouts/application
  Rendered messages/index.html.haml within layouts/application (3.4ms)
  Rendered parts/_notice-header.html.haml (3.1ms)
Completed 200 OK in 68ms (Views: 64.3ms | ActiveRecord: 0.0ms)


